<?xml version="1.0" encoding="UTF-8" standalone="no"?>
<testsuite errors="0" failures="6" name="io.cucumber.core.plugin.JUnitFormatter" skipped="0" tests="6" time="34.829">
<testcase classname="TO validate the login functionality of facebook" name="To validate the login functionality with invalid" time="7.863">
<failure message="" type="junit.framework.AssertionFailedError"><![CDATA[Given The user must be in the facebook home page............................passed
When The user must fill the "Teja1" and "osbdfjhf"..........................failed
And The user must click the login button....................................skipped
Then The user must navigate to the invalid login page.......................skipped

StackTrace:
junit.framework.AssertionFailedError
	at junit.framework.Assert.fail(Assert.java:55)
	at junit.framework.Assert.assertTrue(Assert.java:22)
	at junit.framework.Assert.assertTrue(Assert.java:31)
	at codefilepack.codefile.the_user_must_fill_the_and(codefile.java:41)
	at ✽.The user must fill the "Teja1" and "osbdfjhf"(file:///C:/Users/tejav/eclipse-workspace-1/zCucumberHooks/src/test/resources/featurefiles/hooks.feature:10)
]]></failure>
</testcase>
<testcase classname="TO validate the login functionality of facebook" name="To validate the login functionality with invalid 2" time="5.124">
<failure message="" type="junit.framework.AssertionFailedError"><![CDATA[Given The user must be in the facebook home page............................passed
When The user must fill the "Teja2" and "656465465".........................failed
And The user must click the login button....................................skipped
Then The user must navigate to the invalid login page.......................skipped

StackTrace:
junit.framework.AssertionFailedError
	at junit.framework.Assert.fail(Assert.java:55)
	at junit.framework.Assert.assertTrue(Assert.java:22)
	at junit.framework.Assert.assertTrue(Assert.java:31)
	at codefilepack.codefile.the_user_must_fill_the_and(codefile.java:41)
	at ✽.The user must fill the "Teja2" and "656465465"(file:///C:/Users/tejav/eclipse-workspace-1/zCucumberHooks/src/test/resources/featurefiles/hooks.feature:10)
]]></failure>
</testcase>
<testcase classname="TO validate the login functionality of facebook" name="To validate the login functionality with invalid 3" time="5.668">
<failure message="" type="junit.framework.AssertionFailedError"><![CDATA[Given The user must be in the facebook home page............................passed
When The user must fill the "Teja3" and "jdgfudgsj445462"...................failed
And The user must click the login button....................................skipped
Then The user must navigate to the invalid login page.......................skipped

StackTrace:
junit.framework.AssertionFailedError
	at junit.framework.Assert.fail(Assert.java:55)
	at junit.framework.Assert.assertTrue(Assert.java:22)
	at junit.framework.Assert.assertTrue(Assert.java:31)
	at codefilepack.codefile.the_user_must_fill_the_and(codefile.java:41)
	at ✽.The user must fill the "Teja3" and "jdgfudgsj445462"(file:///C:/Users/tejav/eclipse-workspace-1/zCucumberHooks/src/test/resources/featurefiles/hooks.feature:10)
]]></failure>
</testcase>
<testcase classname="TO validate the login functionality of facebook" name="To validate the login functionality with invalid" time="5.299">
<failure message="" type="junit.framework.AssertionFailedError"><![CDATA[Given The user must be in the facebook home page............................passed
When The user must fill the "Madhu1" and "osbdfjhf".........................failed
And The user must click the login button....................................skipped
Then The user must navigate to the invalid login page.......................skipped

StackTrace:
junit.framework.AssertionFailedError
	at junit.framework.Assert.fail(Assert.java:55)
	at junit.framework.Assert.assertTrue(Assert.java:22)
	at junit.framework.Assert.assertTrue(Assert.java:31)
	at codefilepack.codefile.the_user_must_fill_the_and(codefile.java:41)
	at ✽.The user must fill the "Madhu1" and "osbdfjhf"(file:///C:/Users/tejav/eclipse-workspace-1/zCucumberHooks/src/test/resources/featurefiles/hooks2.feature:10)
]]></failure>
</testcase>
<testcase classname="TO validate the login functionality of facebook" name="To validate the login functionality with invalid 2" time="5.333">
<failure message="" type="junit.framework.AssertionFailedError"><![CDATA[Given The user must be in the facebook home page............................passed
When The user must fill the "Madhu2" and "656465465"........................failed
And The user must click the login button....................................skipped
Then The user must navigate to the invalid login page.......................skipped

StackTrace:
junit.framework.AssertionFailedError
	at junit.framework.Assert.fail(Assert.java:55)
	at junit.framework.Assert.assertTrue(Assert.java:22)
	at junit.framework.Assert.assertTrue(Assert.java:31)
	at codefilepack.codefile.the_user_must_fill_the_and(codefile.java:41)
	at ✽.The user must fill the "Madhu2" and "656465465"(file:///C:/Users/tejav/eclipse-workspace-1/zCucumberHooks/src/test/resources/featurefiles/hooks2.feature:10)
]]></failure>
</testcase>
<testcase classname="TO validate the login functionality of facebook" name="To validate the login functionality with invalid 3" time="5.304">
<failure message="" type="junit.framework.AssertionFailedError"><![CDATA[Given The user must be in the facebook home page............................passed
When The user must fill the "Madhu3" and "jdgfudgsj445462"..................failed
And The user must click the login button....................................skipped
Then The user must navigate to the invalid login page.......................skipped

StackTrace:
junit.framework.AssertionFailedError
	at junit.framework.Assert.fail(Assert.java:55)
	at junit.framework.Assert.assertTrue(Assert.java:22)
	at junit.framework.Assert.assertTrue(Assert.java:31)
	at codefilepack.codefile.the_user_must_fill_the_and(codefile.java:41)
	at ✽.The user must fill the "Madhu3" and "jdgfudgsj445462"(file:///C:/Users/tejav/eclipse-workspace-1/zCucumberHooks/src/test/resources/featurefiles/hooks2.feature:10)
]]></failure>
</testcase>
</testsuite>
